c:\users\jleino\documents\git\opengl_visualstudio\debug\vc140.pdb
c:\users\jleino\documents\git\opengl_visualstudio\debug\vc140.idb
c:\users\jleino\documents\git\opengl_visualstudio\debug\main.obj
c:\users\jleino\documents\git\opengl_visualstudio\debug\etc1_utils.obj
c:\users\jleino\documents\git\opengl_visualstudio\debug\image_dxt.obj
c:\users\jleino\documents\git\opengl_visualstudio\debug\image_helper.obj
c:\users\jleino\documents\git\opengl_visualstudio\debug\soil2.obj
c:\users\jleino\documents\git\opengl_visualstudio\debug\opengl_visualstudio.res
c:\users\jleino\documents\git\opengl_visualstudio\debug\opengl_visualstudio.pdb
c:\users\jleino\documents\git\opengl_visualstudio\debug\opengl_v.edad0bf4.tlog\cl.command.1.tlog
c:\users\jleino\documents\git\opengl_visualstudio\debug\opengl_v.edad0bf4.tlog\cl.read.1.tlog
c:\users\jleino\documents\git\opengl_visualstudio\debug\opengl_v.edad0bf4.tlog\cl.write.1.tlog
c:\users\jleino\documents\git\opengl_visualstudio\debug\opengl_v.edad0bf4.tlog\link-cvtres.read.1.tlog
c:\users\jleino\documents\git\opengl_visualstudio\debug\opengl_v.edad0bf4.tlog\link-cvtres.write.1.tlog
c:\users\jleino\documents\git\opengl_visualstudio\debug\opengl_v.edad0bf4.tlog\link-rc.read.1.tlog
c:\users\jleino\documents\git\opengl_visualstudio\debug\opengl_v.edad0bf4.tlog\link-rc.write.1.tlog
c:\users\jleino\documents\git\opengl_visualstudio\debug\opengl_v.edad0bf4.tlog\link.command.1.tlog
c:\users\jleino\documents\git\opengl_visualstudio\debug\opengl_v.edad0bf4.tlog\link.read.1.tlog
c:\users\jleino\documents\git\opengl_visualstudio\debug\opengl_v.edad0bf4.tlog\link.write.1.tlog
c:\users\jleino\documents\git\opengl_visualstudio\debug\opengl_v.edad0bf4.tlog\rc.command.1.tlog
c:\users\jleino\documents\git\opengl_visualstudio\debug\opengl_v.edad0bf4.tlog\rc.read.1.tlog
c:\users\jleino\documents\git\opengl_visualstudio\debug\opengl_v.edad0bf4.tlog\rc.write.1.tlog
